500, 988
500, 987
500, 987
500, 986
500, 986
500, 986
500, 988
500, 987
500, 988
500, 986
500, 988
500, 987
500, 987
500, 987
500, 988
500, 988
500, 987
500, 986
500, 986
550, 984
550, 985
550, 984
550, 984
550, 984
550, 985
550, 983
550, 984
550, 984
550, 984
550, 983
550, 985
550, 984
550, 984
550, 982
550, 983
550, 983
550, 983
550, 984
600, 982
600, 982
600, 981
600, 982
600, 981
600, 980
600, 982
600, 981
600, 981
600, 982
600, 982
600, 981
600, 980
600, 982
600, 982
600, 981
600, 981
600, 982
600, 981
650, 986
650, 986
650, 983
650, 984
650, 984
650, 984
650, 984
650, 984
650, 986
650, 987
650, 986
650, 986
650, 987
650, 987
650, 985
650, 985
650, 985
650, 986
650, 986
700, 986
700, 987
700, 986
700, 986
700, 985
700, 986
700, 987
700, 985
700, 987
700, 988
700, 987
700, 986
700, 985
700, 984
700, 985
700, 986
700, 985
700, 986
700, 987
750, 986
750, 986
750, 987
750, 986
750, 985
750, 986
750, 985
750, 986
750, 985
750, 986
750, 986
750, 986
750, 986
750, 986
750, 986
750, 987
750, 987
750, 986
750, 987
800, 986
800, 984
800, 986
800, 985
800, 986
800, 987
800, 986
800, 987
800, 987
800, 987
800, 985
800, 985
800, 985
800, 985
800, 987
800, 987
800, 987
800, 987
800, 986
850, 983
850, 983
850, 984
850, 986
850, 987
850, 986
850, 984
850, 986
850, 985
850, 985
850, 986
850, 987
850, 986
850, 985
850, 984
850, 985
850, 985
850, 986
850, 985
900, 1022
900, 1027
900, 1028
900, 1030
900, 1033
900, 1033
900, 1033
900, 1034
900, 1036
900, 1036
900, 1037
900, 1037
900, 1039
900, 1037
900, 1037
900, 1038
900, 1039
900, 1038
900, 1039
950, 982
950, 980
950, 981
950, 981
950, 981
950, 981
950, 980
950, 979
950, 979
950, 980
950, 979
950, 980
950, 980
950, 980
950, 981
950, 981
950, 980
950, 980
950, 981
1000, 994
1000, 995
1000, 995
1000, 996
1000, 996
1000, 999
1000, 998
1000, 999
1000, 999
1000, 1000
1000, 999
1000, 998
1000, 999
1000, 998
1000, 998
1000, 997
1000, 998
1000, 999
1000, 999
1050, 985
1050, 985
1050, 984
1050, 985
1050, 985
1050, 982
1050, 982
1050, 984
1050, 984
1050, 984
1050, 985
1050, 986
1050, 985
1050, 984
1050, 985
1050, 986
1050, 986
1050, 985
1050, 983
1100, 984
1100, 984
1100, 983
1100, 985
1100, 984
1100, 986
1100, 985
1100, 986
1100, 985
1100, 987
1100, 986
1100, 987
1100, 986
1100, 986
1100, 986
1100, 987
1100, 985
1100, 988
1100, 986
1150, 986
1150, 985
1150, 984
1150, 985
1150, 985
1150, 985
1150, 985
1150, 985
1150, 986
1150, 985
1150, 986
1150, 986
1150, 984
1150, 985
1150, 985
1150, 984
1150, 984
1150, 985
1150, 986
1200, 985
1200, 986
1200, 985
1200, 985
1200, 985
1200, 985
1200, 984
1200, 986
1200, 984
1200, 985
1200, 985
1200, 984
1200, 985
1200, 984
1200, 984
1200, 985
1200, 986
1200, 985
1200, 983
1250, 985
1250, 984
1250, 985
1250, 986
1250, 986
1250, 987
1250, 987
1250, 987
1250, 988
1250, 986
1250, 985
1250, 987
1250, 987
1250, 987
1250, 987
1250, 987
1250, 985
1250, 987
1250, 986
1300, 986
1300, 986
1300, 987
1300, 987
1300, 985
1300, 986
1300, 986
1300, 986
1300, 987
1300, 985
1300, 986
1300, 985
1300, 986
1300, 985
1300, 986
1300, 985
1300, 986
1300, 985
1300, 987
1350, 984
1350, 984
1350, 985
1350, 985
1350, 983
1350, 984
1350, 985
1350, 988
1350, 987
1350, 986
1350, 984
1350, 982
1350, 984
1350, 984
1350, 984
1350, 984
1350, 983
1350, 984
1350, 985
1400, 986
1400, 987
1400, 985
1400, 984
1400, 984
1400, 984
1400, 983
1400, 985
1400, 986
1400, 985
1400, 985
1400, 985
1400, 986
1400, 986
1400, 986
1400, 986
1400, 987
1400, 986
1400, 987
1450, 983
1450, 984
1450, 986
1450, 986
1450, 986
1450, 985
1450, 986
1450, 986
1450, 985
1450, 987
1450, 986
1450, 986
1450, 984
1450, 984
1450, 984
1450, 987
1450, 985
1450, 985
1450, 987
1500, 985
1500, 987
1500, 987
1500, 986
1500, 986
1500, 984
1500, 986
1500, 986
1500, 986
1500, 985
1500, 985
1500, 986
1500, 986
1500, 986
1500, 985
1500, 987
1500, 987
1500, 987
1500, 986
1550, 987
1550, 986
1550, 986
1550, 987
1550, 986
1550, 986
1550, 985
1550, 986
1550, 988
1550, 988
1550, 988
1550, 988
1550, 986
1550, 985
1550, 984
1550, 986
1550, 987
1550, 984
1550, 986
1600, 987
1600, 986
1600, 985
1600, 986
1600, 987
1600, 985
1600, 984
1600, 984
1600, 986
1600, 985
1600, 986
1600, 986
1600, 984
1600, 985
1600, 987
1600, 987
1600, 987
1600, 987
1600, 986
1650, 986
1650, 986
1650, 987
1650, 985
1650, 984
1650, 986
1650, 987
1650, 985
1650, 984
1650, 985
1650, 987
1650, 985
1650, 985
1650, 983
1650, 984
1650, 984
1650, 985
1650, 986
1650, 986
1700, 987
1700, 987
1700, 986
1700, 987
1700, 986
1700, 986
1700, 985
1700, 986
1700, 987
1700, 986
1700, 985
1700, 986
1700, 986
1700, 986
1700, 986
1700, 986
1700, 986
1700, 984
1700, 984
1750, 987
1750, 986
1750, 985
1750, 984
1750, 984
1750, 985
1750, 985
1750, 986
1750, 985
1750, 987
1750, 987
1750, 986
1750, 987
1750, 986
1750, 986
1750, 986
1750, 986
1750, 986
1750, 984
1800, 989
1800, 989
1800, 989
1800, 989
1800, 989
1800, 987
1800, 987
1800, 986
1800, 986
1800, 987
1800, 987
1800, 987
1800, 986
1800, 987
1800, 987
1800, 987
1800, 987
1800, 988
1800, 988
1850, 985
1850, 984
1850, 984
1850, 984
1850, 985
1850, 985
1850, 985
1850, 985
1850, 985
1850, 986
1850, 987
1850, 985
1850, 987
1850, 987
1850, 987
1850, 987
1850, 985
1850, 985
1850, 987
1900, 986
1900, 986
1900, 986
1900, 985
1900, 986
1900, 987
1900, 987
1900, 986
1900, 986
1900, 986
1900, 986
1900, 984
1900, 986
1900, 985
1900, 985
1900, 984
1900, 985
1900, 985
1900, 985
1950, 986
1950, 987
1950, 985
1950, 984
1950, 985
1950, 986
1950, 986
1950, 987
1950, 987
1950, 986
1950, 985
1950, 987
1950, 987
1950, 987
1950, 985
1950, 986
1950, 987
1950, 986
1950, 988
2000, 986
2000, 987
2000, 986
2000, 987
2000, 986
2000, 986
2000, 987
2000, 987
2000, 986
2000, 987
2000, 987
2000, 986
2000, 985
2000, 984
2000, 985
2000, 985
2000, 985
2000, 984
2000, 984
2050, 986
2050, 986
2050, 987
2050, 988
2050, 987
2050, 985
2050, 986
2050, 986
2050, 985
2050, 985
2050, 986
2050, 986
2050, 986
2050, 986
2050, 985
2050, 984
2050, 982
2050, 983
2050, 984
2100, 986
2100, 985
2100, 986
2100, 985
2100, 985
2100, 985
2100, 985
2100, 985
2100, 983
2100, 984
2100, 987
2100, 987
2100, 987
2100, 986
2100, 985
2100, 985
2100, 986
2100, 987
2100, 987
2150, 986
2150, 985
2150, 985
2150, 985
2150, 985
2150, 986
2150, 986
2150, 986
2150, 987
2150, 987
2150, 989
2150, 987
2150, 986
2150, 987
2150, 987
2150, 986
2150, 985
2150, 986
2150, 986
2200, 985
2200, 985
2200, 986
2200, 985
2200, 986
2200, 987
2200, 988
2200, 985
2200, 985
2200, 986
2200, 986
2200, 985
2200, 987
2200, 986
2200, 986
2200, 987
2200, 986
2200, 987
2200, 987
2250, 986
2250, 986
2250, 988
2250, 987
2250, 987
2250, 986
2250, 986
2250, 986
2250, 986
2250, 987
2250, 986
2250, 986
2250, 987
2250, 986
2250, 986
2250, 988
2250, 987
2250, 986
2250, 987
2300, 989
2300, 987
2300, 987
2300, 986
2300, 986
2300, 986
2300, 986
2300, 987
2300, 986
2300, 987
2300, 986
2300, 987
2300, 986
2300, 987
2300, 988
2300, 987
2300, 986
2300, 986
2300, 985
2350, 986
2350, 986
2350, 986
2350, 985
2350, 986
2350, 986
2350, 987
2350, 987
2350, 987
2350, 987
2350, 988
2350, 987
2350, 987
2350, 987
2350, 988
2350, 986
2350, 985
2350, 986
2350, 987
2400, 986
2400, 985
2400, 984
2400, 986
2400, 986
2400, 987
2400, 987
2400, 986
2400, 987
2400, 987
2400, 985
2400, 987
2400, 986
2400, 987
2400, 986
2400, 985
2400, 985
2400, 986
2400, 986
2450, 987
2450, 986
2450, 986
2450, 985
2450, 985
2450, 984
2450, 986
2450, 986
2450, 987
2450, 986
2450, 987
2450, 986
2450, 985
2450, 985
2450, 986
2450, 986
2450, 987
2450, 986
2450, 986
2500, 987
2500, 987
2500, 987
2500, 986
2500, 986
2500, 986
2500, 986
2500, 987
2500, 986
2500, 986
2500, 987
2500, 985
2500, 983
2500, 984
2500, 985
2500, 985
2500, 987
2500, 987
2500, 985
2550, 985
2550, 986
2550, 987
2550, 987
2550, 988
2550, 986
2550, 986
2550, 987
2550, 985
2550, 985
2550, 986
2550, 985
2550, 987
2550, 987
2550, 987
2550, 987
2550, 986
2550, 984
2550, 986
2600, 986
2600, 986
2600, 987
2600, 986
2600, 985
2600, 986
2600, 986
2600, 987
2600, 989
2600, 986
2600, 986
2600, 986
2600, 985
2600, 984
2600, 986
2600, 987
2600, 984
2600, 986
2600, 987
2650, 984
2650, 984
2650, 984
2650, 984
2650, 985
2650, 985
2650, 986
2650, 986
2650, 985
2650, 985
2650, 986
2650, 983
2650, 984
2650, 985
2650, 986
2650, 986
2650, 986
2650, 986
2650, 987
2700, 987
2700, 987
2700, 986
2700, 987
2700, 986
2700, 985
2700, 987
2700, 986
2700, 987
2700, 987
2700, 987
2700, 986
2700, 985
2700, 986
2700, 987
2700, 987
2700, 987
2700, 986
2700, 985
2750, 985
2750, 986
2750, 985
2750, 984
2750, 986
2750, 986
2750, 986
2750, 987
2750, 985
2750, 986
2750, 987
2750, 986
2750, 986
2750, 986
2750, 986
2750, 985
2750, 985
2750, 986
2750, 988
2800, 984
2800, 986
2800, 985
2800, 987
2800, 987
2800, 985
2800, 985
2800, 985
2800, 983
2800, 984
2800, 985
2800, 986
2800, 985
2800, 986
2800, 987
2800, 987
2800, 988
2800, 985
2800, 987
2850, 986
2850, 988
2850, 988
2850, 987
2850, 988
2850, 987
2850, 986
2850, 986
2850, 985
2850, 985
2850, 986
2850, 985
2850, 984
2850, 985
2850, 986
2850, 987
2850, 988
2850, 987
2850, 986
2900, 986
2900, 988
2900, 985
2900, 985
2900, 987
2900, 985
2900, 984
2900, 984
2900, 985
2900, 985
2900, 985
2900, 986
2900, 985
2900, 983
2900, 985
2900, 984
2900, 985
2900, 985
2900, 986
2950, 986
2950, 987
2950, 984
2950, 985
2950, 985
2950, 985
2950, 985
2950, 986
2950, 986
2950, 987
2950, 985
2950, 985
2950, 984
2950, 985
2950, 987
2950, 988
2950, 985
2950, 986
2950, 986
3000, 988
3000, 986
3000, 986
3000, 987
3000, 986
3000, 987
3000, 987
3000, 987
3000, 986
3000, 986
3000, 986
3000, 985
3000, 984
3000, 984
3000, 986
3000, 985
3000, 983
3000, 985
3000, 986
3050, 985
3050, 987
3050, 986
3050, 985
3050, 984
3050, 986
3050, 986
3050, 987
3050, 986
3050, 989
3050, 985
3050, 988
3050, 987
3050, 989
3050, 988
3050, 987
3050, 986
3050, 987
3050, 985
3100, 987
3100, 987
3100, 989
3100, 986
3100, 986
3100, 986
3100, 986
3100, 987
3100, 985
3100, 986
3100, 987
3100, 987
3100, 987
3100, 988
3100, 988
3100, 986
3100, 985
3100, 987
3100, 987
3150, 986
3150, 987
3150, 986
3150, 986
3150, 985
3150, 986
3150, 986
3150, 986
3150, 987
3150, 987
3150, 985
3150, 984
3150, 985
3150, 985
3150, 986
3150, 988
3150, 986
3150, 988
3150, 987
3200, 987
3200, 987
3200, 986
3200, 986
3200, 986
3200, 986
3200, 986
3200, 985
3200, 988
3200, 987
3200, 987
3200, 987
3200, 986
3200, 985
3200, 984
3200, 984
3200, 984
3200, 985
3200, 986
3250, 986
3250, 983
3250, 986
3250, 987
3250, 987
3250, 986
3250, 987
3250, 985
3250, 986
3250, 985
3250, 983
3250, 983
3250, 985
3250, 985
3250, 987
3250, 988
3250, 987
3250, 988
3250, 988
3300, 985
3300, 987
3300, 986
3300, 987
3300, 986
3300, 986
3300, 986
3300, 987
3300, 986
3300, 984
3300, 984
3300, 985
3300, 985
3300, 985
3300, 986
3300, 986
3300, 984
3300, 985
3300, 984
3350, 985
3350, 984
3350, 985
3350, 986
3350, 986
3350, 986
3350, 984
3350, 984
3350, 985
3350, 986
3350, 987
3350, 987
3350, 986
3350, 986
3350, 987
3350, 986
3350, 987
3350, 987
3350, 986
3400, 986
3400, 985
3400, 986
3400, 986
3400, 988
3400, 987
3400, 986
3400, 986
3400, 986
3400, 986
3400, 985
3400, 986
3400, 985
3400, 985
3400, 985
3400, 985
3400, 986
3400, 986
3400, 986
3450, 987
3450, 987
3450, 987
3450, 987
3450, 987
3450, 988
3450, 987
3450, 985
3450, 985
3450, 985
3450, 987
3450, 986
3450, 985
3450, 986
3450, 985
3450, 984
3450, 985
3450, 984
3450, 985
3500, 987
3500, 988
3500, 988
3500, 988
3500, 987
3500, 985
3500, 986
3500, 986
3500, 985
3500, 985
3500, 986
3500, 986
3500, 984
3500, 985
3500, 985
3500, 986
3500, 984
3500, 984
3500, 986
3550, 987
3550, 986
3550, 987
3550, 985
3550, 984
3550, 985
3550, 985
3550, 984
3550, 986
3550, 985
3550, 986
3550, 985
3550, 987
3550, 987
3550, 987
3550, 987
3550, 987
3550, 986
3550, 987
3600, 987
3600, 988
3600, 987
3600, 985
3600, 986
3600, 986
3600, 985
3600, 986
3600, 986
3600, 988
3600, 985
3600, 987
3600, 986
3600, 986
3600, 986
3600, 986
3600, 984
3600, 986
3600, 984
3650, 985
3650, 986
3650, 985
3650, 986
3650, 986
3650, 986
3650, 988
3650, 986
3650, 986
3650, 986
3650, 987
3650, 987
3650, 987
3650, 986
3650, 987
3650, 987
3650, 987
3650, 987
3650, 987
3700, 984
3700, 985
3700, 985
3700, 984
3700, 984
3700, 985
3700, 988
3700, 987
3700, 997
3700, 1005
3700, 1003
3700, 994
3700, 989
3700, 988
3700, 988
3700, 986
3700, 986
3700, 986
3700, 985
3750, 1008
3750, 1007
3750, 1006
3750, 1007
3750, 1006
3750, 1008
3750, 1008
3750, 1007
3750, 1007
3750, 1007
3750, 1007
3750, 1007
3750, 1007
3750, 1010
3750, 1008
3750, 1008
3750, 1007
3750, 1007
3750, 1007
3800, 1056
3800, 1052
3800, 1051
3800, 1051
3800, 1049
3800, 1050
3800, 1049
3800, 1049
3800, 1048
3800, 1049
3800, 1048
3800, 1046
3800, 1048
3800, 1048
3800, 1047
3800, 1049
3800, 1048
3800, 1047
3800, 1048
3850, 1259
3850, 1258
3850, 1256
3850, 1254
3850, 1253
3850, 1251
3850, 1247
3850, 1248
3850, 1246
3850, 1244
3850, 1242
3850, 1240
3850, 1240
3850, 1240
3850, 1238
3850, 1236
3850, 1234
3850, 1233
3850, 1230
3900, 1327
3900, 1325
3900, 1325
3900, 1324
3900, 1325
3900, 1326
3900, 1326
3900, 1325
3900, 1326
3900, 1327
3900, 1326
3900, 1327
3900, 1327
3900, 1325
3900, 1324
3900, 1321
3900, 1321
3900, 1319
3900, 1318
3950, 1186
3950, 1184
3950, 1181
3950, 1180
3950, 1180
3950, 1180
3950, 1179
3950, 1180
3950, 1180
3950, 1179
3950, 1180
3950, 1180
3950, 1179
3950, 1181
3950, 1179
3950, 1177
3950, 1176
3950, 1176
3950, 1178
4000, 1741
4000, 1754
4000, 1760
4000, 1763
4000, 1764
4000, 1763
4000, 1764
4000, 1763
4000, 1761
4000, 1761
4000, 1762
4000, 1762
4000, 1761
4000, 1760
4000, 1762
4000, 1760
4000, 1759
4000, 1759
4000, 1756
4050, 2443
4050, 2468
4050, 2478
4050, 2482
4050, 2480
4050, 2481
4050, 2481
4050, 2479
4050, 2478
4050, 2476
4050, 2476
4050, 2477
4050, 2476
4050, 2474
4050, 2472
4050, 2471
4050, 2472
4050, 2471
4050, 2470
4100, 2229
4100, 2247
4100, 2258
4100, 2262
4100, 2267
4100, 2270
4100, 2270
4100, 2269
4100, 2271
4100, 2272
4100, 2271
4100, 2271
4100, 2271
4100, 2272
4100, 2273
4100, 2271
4100, 2270
4100, 2271
4100, 2271
4150, 1019
4150, 1003
4150, 994
4150, 987
4150, 986
4150, 985
4150, 983
4150, 981
4150, 981
4150, 980
4150, 981
4150, 982
4150, 982
4150, 982
4150, 983
4150, 981
4150, 982
4150, 982
4150, 982
4200, 978
4200, 978
4200, 978
4200, 977
4200, 977
4200, 976
4200, 977
4200, 977
4200, 977
4200, 978
4200, 978
4200, 980
4200, 980
4200, 979
4200, 977
4200, 975
4200, 977
4200, 979
4200, 978
4250, 985
4250, 986
4250, 985
4250, 984
4250, 983
4250, 984
4250, 984
4250, 985
4250, 985
4250, 986
4250, 986
4250, 986
4250, 986
4250, 986
4250, 986
4250, 984
4250, 984
4250, 985
4250, 984
4300, 1136
4300, 1138
4300, 1140
4300, 1140
4300, 1142
4300, 1142
4300, 1141
4300, 1140
4300, 1141
4300, 1142
4300, 1143
4300, 1143
4300, 1144
4300, 1145
4300, 1144
4300, 1144
4300, 1143
4300, 1142
4300, 1142
4350, 1861
4350, 1885
4350, 1898
4350, 1906
4350, 1912
4350, 1915
4350, 1917
4350, 1919
4350, 1920
4350, 1921
4350, 1923
4350, 1923
4350, 1923
4350, 1923
4350, 1925
4350, 1924
4350, 1924
4350, 1924
4350, 1925
4400, 2583
4400, 2615
4400, 2634
4400, 2643
4400, 2649
4400, 2652
4400, 2656
4400, 2656
4400, 2657
4400, 2656
4400, 2655
4400, 2654
4400, 2658
4400, 2660
4400, 2658
4400, 2659
4400, 2655
4400, 2657
4400, 2659
4450, 1741
4450, 1718
4450, 1701
4450, 1687
4450, 1682
4450, 1675
4450, 1672
4450, 1672
4450, 1668
4450, 1668
4450, 1668
4450, 1668
4450, 1666
4450, 1667
4450, 1664
4450, 1666
4450, 1666
4450, 1664
4450, 1663
4500, 2207
4500, 2236
4500, 2254
4500, 2262
4500, 2264
4500, 2269
4500, 2273
4500, 2273
4500, 2274
4500, 2272
4500, 2273
4500, 2276
4500, 2277
4500, 2277
4500, 2277
4500, 2276
4500, 2276
4500, 2275
4500, 2277
4550, 1196
4550, 1179
4550, 1168
4550, 1167
4550, 1167
4550, 1166
4550, 1166
4550, 1167
4550, 1170
4550, 1169
4550, 1171
4550, 1170
4550, 1170
4550, 1172
4550, 1171
4550, 1170
4550, 1171
4550, 1170
4550, 1172
4600, 1591
4600, 1615
4600, 1627
4600, 1628
4600, 1632
4600, 1634
4600, 1637
4600, 1639
4600, 1643
4600, 1642
4600, 1642
4600, 1641
4600, 1642
4600, 1642
4600, 1644
4600, 1642
4600, 1641
4600, 1641
4600, 1642
4650, 1094
4650, 1093
4650, 1090
4650, 1089
4650, 1088
4650, 1089
4650, 1090
4650, 1091
4650, 1089
4650, 1090
4650, 1091
4650, 1088
4650, 1089
4650, 1090
4650, 1090
4650, 1089
4650, 1092
4650, 1092
4650, 1092
4700, 980
4700, 978
4700, 978
4700, 980
4700, 980
4700, 976
4700, 976
4700, 977
4700, 977
4700, 977
4700, 977
4700, 977
4700, 974
4700, 974
4700, 976
4700, 976
4700, 976
4700, 976
4700, 975
4750, 978
4750, 980
4750, 978
4750, 978
4750, 978
4750, 980
4750, 978
4750, 980
4750, 979
4750, 979
4750, 976
4750, 979
4750, 978
4750, 979
4750, 976
4750, 976
4750, 976
4750, 979
4750, 977
4800, 982
4800, 983
4800, 981
4800, 981
4800, 982
4800, 982
4800, 981
4800, 981
4800, 980
4800, 980
4800, 981
4800, 980
4800, 981
4800, 980
4800, 981
4800, 981
4800, 981
4800, 981
4800, 981
4850, 978
4850, 979
4850, 979
4850, 980
4850, 983
4850, 983
4850, 981
4850, 983
4850, 982
4850, 982
4850, 982
4850, 983
4850, 981
4850, 983
4850, 982
4850, 982
4850, 982
4850, 982
4850, 982
4900, 983
4900, 983
4900, 983
4900, 984
4900, 984
4900, 984
4900, 983
4900, 984
4900, 984
4900, 984
4900, 985
4900, 982
4900, 982
4900, 983
4900, 983
4900, 983
4900, 983
4900, 984
4900, 983
4950, 982
4950, 982
4950, 984
4950, 984
4950, 984
4950, 985
4950, 983
4950, 982
4950, 983
4950, 983
4950, 983
4950, 983
4950, 983
4950, 984
4950, 984
4950, 983
4950, 981
4950, 980
4950, 981
5000, 983
5000, 984
5000, 983
5000, 982
5000, 983
5000, 983
5000, 984
5000, 983
5000, 981
5000, 984
5000, 983
5000, 983
5000, 983
5000, 983
5000, 982
5000, 983
5000, 982
5000, 982
5000, 982
5050, 983
5050, 983
5050, 984
5050, 984
5050, 986
5050, 984
5050, 981
5050, 982
5050, 983
5050, 981
5050, 984
5050, 983
5050, 983
5050, 981
5050, 982
5050, 980
5050, 982
5050, 981
5050, 982
5100, 982
5100, 983
5100, 984
5100, 984
5100, 983
5100, 984
5100, 982
5100, 983
5100, 983
5100, 983
5100, 982
5100, 981
5100, 982
5100, 982
5100, 983
5100, 984
5100, 982
5100, 982
5100, 982
5150, 985
5150, 983
5150, 984
5150, 982
5150, 984
5150, 983
5150, 984
5150, 983
5150, 984
5150, 984
5150, 985
5150, 985
5150, 985
5150, 984
5150, 985
5150, 983
5150, 985
5150, 982
5150, 985
5200, 984
5200, 984
5200, 984
5200, 983
5200, 984
5200, 985
5200, 985
5200, 984
5200, 984
5200, 986
5200, 983
5200, 984
5200, 983
5200, 983
5200, 984
5200, 983
5200, 983
5200, 983
5200, 984
5250, 982
5250, 985
5250, 984
5250, 984
5250, 984
5250, 984
5250, 983
5250, 984
5250, 984
5250, 983
5250, 981
5250, 983
5250, 983
5250, 985
5250, 985
5250, 984
5250, 983
5250, 984
5250, 983
5300, 982
5300, 983
5300, 982
5300, 981
5300, 982
5300, 984
5300, 984
5300, 983
5300, 982
5300, 983
5300, 982
5300, 983
5300, 982
5300, 983
5300, 982
5300, 981
5300, 982
5300, 983
5300, 982
5350, 977
5350, 979
5350, 977
5350, 977
5350, 975
5350, 977
5350, 975
5350, 978
5350, 976
5350, 977
5350, 975
5350, 977
5350, 977
5350, 978
5350, 976
5350, 977
5350, 977
5350, 978
5350, 975
5400, 972
5400, 972
5400, 973
5400, 973
5400, 974
5400, 972
5400, 973
5400, 971
5400, 972
5400, 972
5400, 972
5400, 973
5400, 971
5400, 972
5400, 972
5400, 972
5400, 971
5400, 971
5400, 970
5450, 971
5450, 972
5450, 973
5450, 969
5450, 970
5450, 971
5450, 971
5450, 970
5450, 972
5450, 970
5450, 971
5450, 972
5450, 972
5450, 971
5450, 971
5450, 971
5450, 973
5450, 972
5450, 970
5500, 975
5500, 975
5500, 975
5500, 974
5500, 974
5500, 975
5500, 976
5500, 977
5500, 977
5500, 977
5500, 976
5500, 976
5500, 976
5500, 976
5500, 976
5500, 976
5500, 976
5500, 976
5500, 977
5550, 980
5550, 980
5550, 981
5550, 981
5550, 982
5550, 981
5550, 981
5550, 981
5550, 982
5550, 980
5550, 980
5550, 982
5550, 982
5550, 981
5550, 981
5550, 982
5550, 982
5550, 983
5550, 981
5600, 984
5600, 985
5600, 984
5600, 983
5600, 983
5600, 983
5600, 983
5600, 983
5600, 984
5600, 984
5600, 983
5600, 985
5600, 985
5600, 986
5600, 985
5600, 985
5600, 984
5600, 983
5600, 985
5650, 987
5650, 988
5650, 987
5650, 985
5650, 985
5650, 986
5650, 987
5650, 986
5650, 986
5650, 986
5650, 985
5650, 985
5650, 986
5650, 985
5650, 985
5650, 985
5650, 983
5650, 984
5650, 983
5700, 985
5700, 985
5700, 983
5700, 984
5700, 984
5700, 984
5700, 984
5700, 983
5700, 984
5700, 983
5700, 983
5700, 985
5700, 985
5700, 985
5700, 984
5700, 984
5700, 985
5700, 986
5700, 985
5750, 986
5750, 986
5750, 985
5750, 984
5750, 984
5750, 984
5750, 985
5750, 984
5750, 985
5750, 984
5750, 985
5750, 984
5750, 986
5750, 985
5750, 985
5750, 984
5750, 985
5750, 986
5750, 985
5800, 985
5800, 984
5800, 984
5800, 984
5800, 984
5800, 984
5800, 983
5800, 984
5800, 984
5800, 984
5800, 985
5800, 984
5800, 986
5800, 984
5800, 984
5800, 984
5800, 983
5800, 985
5800, 985
5850, 982
5850, 983
5850, 983
5850, 983
5850, 984
5850, 983
5850, 984
5850, 982
5850, 984
5850, 984
5850, 984
5850, 983
5850, 984
5850, 981
5850, 983
5850, 982
5850, 983
5850, 982
5850, 984
5900, 981
5900, 979
5900, 980
5900, 980
5900, 978
5900, 979
5900, 981
5900, 981
5900, 982
5900, 982
5900, 981
5900, 981
5900, 981
5900, 981
5900, 980
5900, 982
5900, 981
5900, 980
5900, 982
5950, 980
5950, 982
5950, 981
5950, 983
5950, 980
5950, 981
5950, 979
5950, 981
5950, 980
5950, 982
5950, 982
5950, 981
5950, 981
5950, 980
5950, 980
5950, 981
5950, 980
5950, 982
5950, 979
6000, 982
6000, 981
6000, 981
6000, 979
6000, 979
6000, 981
6000, 980
6000, 981
6000, 981
6000, 982
6000, 981
6000, 980
6000, 982
6000, 980
6000, 980
6000, 980
6000, 980
6000, 980
6000, 982
6050, 981
6050, 982
6050, 979
6050, 981
6050, 979
6050, 979
6050, 979
6050, 980
6050, 979
6050, 980
6050, 980
6050, 982
6050, 980
6050, 981
6050, 982
6050, 983
6050, 981
6050, 982
6050, 980
6100, 983
6100, 981
6100, 981
6100, 984
6100, 982
6100, 981
6100, 981
6100, 981
6100, 981
6100, 981
6100, 984
6100, 983
6100, 982
6100, 980
6100, 981
6100, 982
6100, 983
6100, 984
6100, 982
6150, 982
6150, 982
6150, 983
6150, 982
6150, 981
6150, 982
6150, 981
6150, 981
6150, 982
6150, 980
6150, 982
6150, 982
6150, 981
6150, 980
6150, 982
6150, 980
6150, 982
6150, 983
6150, 983
6200, 980
6200, 980
6200, 981
6200, 983
6200, 983
6200, 983
6200, 982
6200, 982
6200, 983
6200, 982
6200, 983
6200, 983
6200, 984
6200, 982
6200, 981
6200, 981
6200, 983
6200, 981
6200, 981
6250, 984
6250, 983
6250, 983
6250, 982
6250, 982
6250, 983
6250, 983
6250, 983
6250, 983
6250, 981
6250, 980
6250, 979
6250, 981
6250, 983
6250, 986
6250, 986
6250, 985
6250, 982
6250, 980
6300, 982
6300, 986
6300, 985
6300, 983
6300, 978
6300, 980
6300, 981
6300, 984
6300, 986
6300, 984
6300, 983
6300, 982
6300, 983
6300, 986
6300, 987
6300, 988
6300, 984
6300, 983
6300, 980
6350, 984
6350, 987
6350, 987
6350, 986
6350, 982
6350, 983
6350, 983
6350, 984
6350, 985
6350, 986
6350, 983
6350, 983
6350, 983
6350, 984
6350, 986
6350, 986
6350, 984
6350, 982
6350, 981
6400, 987
6400, 987
6400, 986
6400, 985
6400, 983
6400, 982
6400, 982
6400, 984
6400, 986
6400, 986
6400, 986
6400, 985
6400, 985
6400, 985
6400, 986
6400, 988
6400, 987
6400, 985
6400, 983
6450, 983
6450, 986
6450, 986
6450, 986
6450, 984
6450, 983
6450, 983
6450, 985
6450, 985
6450, 986
6450, 984
6450, 984
6450, 984
6450, 984
6450, 985
6450, 990
6450, 988
6450, 986
6450, 985
6500, 985
6500, 986
6500, 986
6500, 987
6500, 986
6500, 985
6500, 984
6500, 985
6500, 987
6500, 988
6500, 987
6500, 986
6500, 986
6500, 985
6500, 985
6500, 986
6500, 986
6500, 986
6500, 987
6550, 986
6550, 986
6550, 985
6550, 985
6550, 984
6550, 983
6550, 983
6550, 986
6550, 987
6550, 986
6550, 985
6550, 984
6550, 983
6550, 983
6550, 985
6550, 987
6550, 987
6550, 985
6550, 986
6600, 986
6600, 985
6600, 986
6600, 987
6600, 986
6600, 986
6600, 986
6600, 985
6600, 986
6600, 987
6600, 988
6600, 987
6600, 986
6600, 986
6600, 985
6600, 985
6600, 985
6600, 984
6600, 984
6650, 985
6650, 986
6650, 987
6650, 987
6650, 987
6650, 986
6650, 985
6650, 984
6650, 985
6650, 985
6650, 985
6650, 984
6650, 984
6650, 985
6650, 986
6650, 988
6650, 987
6650, 987
6650, 985
6700, 987
6700, 985
6700, 984
6700, 983
6700, 984
6700, 986
6700, 989
6700, 992
6700, 993
6700, 989
6700, 984
6700, 981
6700, 983
6700, 988
6700, 992
6700, 994
6700, 988
6700, 982
6700, 978
6750, 985
6750, 992
6750, 993
6750, 988
6750, 982
6750, 980
6750, 982
6750, 988
6750, 992
6750, 991
6750, 985
6750, 981
6750, 981
6750, 983
6750, 990
6750, 990
6750, 986
6750, 982
6750, 978
6800, 984
6800, 989
6800, 990
6800, 989
6800, 984
6800, 982
6800, 982
6800, 988
6800, 992
6800, 991
6800, 986
6800, 984
6800, 980
6800, 982
6800, 986
6800, 988
6800, 988
6800, 986
6800, 982
6850, 981
6850, 983
6850, 986
6850, 989
6850, 989
6850, 985
6850, 982
6850, 981
6850, 984
6850, 989
6850, 991
6850, 989
6850, 987
6850, 984
6850, 983
6850, 984
6850, 986
6850, 988
6850, 988
6900, 985
6900, 985
6900, 984
6900, 987
6900, 988
6900, 987
6900, 986
6900, 985
6900, 983
6900, 985
6900, 988
6900, 990
6900, 990
6900, 986
6900, 984
6900, 984
6900, 985
6900, 988
6900, 989
6950, 986
6950, 985
6950, 984
6950, 985
6950, 985
6950, 985
6950, 987
6950, 986
6950, 984
6950, 983
6950, 985
6950, 987
6950, 986
6950, 984
6950, 985
6950, 985
6950, 984
6950, 983
6950, 984
7000, 987
7000, 986
7000, 985
7000, 985
7000, 987
7000, 988
7000, 987
7000, 986
7000, 985
7000, 985
7000, 986
7000, 987
7000, 986
7000, 988
7000, 987
7000, 987
7000, 985
7000, 988
7000, 986
7050, 987
7050, 988
7050, 987
7050, 986
7050, 984
7050, 984
7050, 985
7050, 986
7050, 986
7050, 985
7050, 986
7050, 986
7050, 986
7050, 986
7050, 987
7050, 988
7050, 988
7050, 986
7050, 987
7100, 988
7100, 987
7100, 985
7100, 984
7100, 987
7100, 985
7100, 985
7100, 984
7100, 985
7100, 986
7100, 986
7100, 984
7100, 986
7100, 987
7100, 987
7100, 987
7100, 985
7100, 986
7100, 985
7150, 985
7150, 985
7150, 985
7150, 987
7150, 987
7150, 988
7150, 987
7150, 987
7150, 986
7150, 987
7150, 987
7150, 987
7150, 987
7150, 987
7150, 987
7150, 985
7150, 985
7150, 985
7150, 986
7200, 988
7200, 988
7200, 985
7200, 984
7200, 986
7200, 986
7200, 986
7200, 985
7200, 986
7200, 985
7200, 986
7200, 985
7200, 985
7200, 986
7200, 986
7200, 987
7200, 986
7200, 985
7200, 986
7250, 985
7250, 985
7250, 985
7250, 985
7250, 985
7250, 986
7250, 986
7250, 986
7250, 986
7250, 986
7250, 986
7250, 987
7250, 986
7250, 986
7250, 987
7250, 987
7250, 986
7250, 986
7250, 987
7300, 987
7300, 986
7300, 983
7300, 984
7300, 985
7300, 986
7300, 988
7300, 987
7300, 985
7300, 984
7300, 985
7300, 986
7300, 985
7300, 987
7300, 985
7300, 983
7300, 984
7300, 985
7300, 986
7350, 987
7350, 986
7350, 986
7350, 985
7350, 985
7350, 985
7350, 987
7350, 988
7350, 988
7350, 987
7350, 986
7350, 986
7350, 987
7350, 989
7350, 987
7350, 987
7350, 987
7350, 988
7350, 987
7400, 986
7400, 987
7400, 986
7400, 985
7400, 985
7400, 986
7400, 988
7400, 987
7400, 985
7400, 985
7400, 984
7400, 985
7400, 986
7400, 986
7400, 986
7400, 986
7400, 986
7400, 986
7400, 986
7450, 986
7450, 987
7450, 985
7450, 987
7450, 988
7450, 987
7450, 987
7450, 987
7450, 987
7450, 988
7450, 986
7450, 987
7450, 986
7450, 986
7450, 987
7450, 987
7450, 987
7450, 985
7450, 985
7500, 986
7500, 983
7500, 985
7500, 986
7500, 987
7500, 986
7500, 987
7500, 988
7500, 987
7500, 987
7500, 988
7500, 988
7500, 986
7500, 985
7500, 986
7500, 986
7500, 986
7500, 988
7500, 987
7550, 984
7550, 985
7550, 985
7550, 986
7550, 984
7550, 984
7550, 984
7550, 984
7550, 985
7550, 985
7550, 986
7550, 987
7550, 986
7550, 985
7550, 986
7550, 986
7550, 986
7550, 985
7550, 985
7600, 986
7600, 986
7600, 986
7600, 987
7600, 987
7600, 988
7600, 988
7600, 987
7600, 987
7600, 987
7600, 986
7600, 986
7600, 987
7600, 986
7600, 986
7600, 987
7600, 987
7600, 986
7600, 986
7650, 986
7650, 986
7650, 988
7650, 988
7650, 989
7650, 987
7650, 986
7650, 986
7650, 986
7650, 985
7650, 987
7650, 986
7650, 985
7650, 984
7650, 985
7650, 985
7650, 986
7650, 985
7650, 986
7700, 986
7700, 985
7700, 986
7700, 986
7700, 984
7700, 986
7700, 985
7700, 984
7700, 986
7700, 985
7700, 986
7700, 987
7700, 988
7700, 987
7700, 988
7700, 987
7700, 985
7700, 985
7700, 986
7750, 986
7750, 986
7750, 987
7750, 987
7750, 987
7750, 986
7750, 985
7750, 985
7750, 987
7750, 987
7750, 985
7750, 987
7750, 987
7750, 987
7750, 987
7750, 987
7750, 987
7750, 988
7750, 987
7800, 987
7800, 986
7800, 986
7800, 985
7800, 985
7800, 986
7800, 986
7800, 986
7800, 986
7800, 985
7800, 986
7800, 985
7800, 985
7800, 985
7800, 986
7800, 984
7800, 985
7800, 984
7800, 985
7850, 985
7850, 985
7850, 985
7850, 985
7850, 985
7850, 985
7850, 988
7850, 988
7850, 987
7850, 988
7850, 987
7850, 988
7850, 986
7850, 987
7850, 987
7850, 988
7850, 988
7850, 988
7850, 986
7900, 985
7900, 984
7900, 984
7900, 987
7900, 986
7900, 987
7900, 985
7900, 987
7900, 987
7900, 986
7900, 986
7900, 986
7900, 987
7900, 984
7900, 986
7900, 986
7900, 986
7900, 985
7900, 986
7950, 989
7950, 986
7950, 985
7950, 986
7950, 985
7950, 986
7950, 985
7950, 986
7950, 987
7950, 986
7950, 985
7950, 986
7950, 985
7950, 985
7950, 985
7950, 987
7950, 987
7950, 987
7950, 986
8000, 986
8000, 985
8000, 985
8000, 986
8000, 986
8000, 985
8000, 985
8000, 987
8000, 986
8000, 985
8000, 983
8000, 984
8000, 986
8000, 987
8000, 986
8000, 987
8000, 985
8000, 985
8000, 985
8050, 985
8050, 985
8050, 986
8050, 986
8050, 986
8050, 984
8050, 985
8050, 986
8050, 985
8050, 987
8050, 987
8050, 986
8050, 985
8050, 986
8050, 986
8050, 987
8050, 985
8050, 984
8050, 984
8100, 987
8100, 987
8100, 985
8100, 986
8100, 986
8100, 984
8100, 984
8100, 984
8100, 985
8100, 987
8100, 986
8100, 986
8100, 987
8100, 987
8100, 986
8100, 986
8100, 987
8100, 988
8100, 987
8150, 985
8150, 985
8150, 985
8150, 986
8150, 986
8150, 986
8150, 986
8150, 985
8150, 986
8150, 986
8150, 986
8150, 986
8150, 987
8150, 986
8150, 987
8150, 986
8150, 987
8150, 986
8150, 987
8200, 986
8200, 986
8200, 985
8200, 985
8200, 985
8200, 984
8200, 984
8200, 987
8200, 986
8200, 986
8200, 986
8200, 986
8200, 986
8200, 986
8200, 986
8200, 986
8200, 985
8200, 984
8200, 986
8250, 986
8250, 986
8250, 987
8250, 986
8250, 986
8250, 986
8250, 985
8250, 986
8250, 987
8250, 984
8250, 986
8250, 986
8250, 986
8250, 987
8250, 988
8250, 988
8250, 988
8250, 987
8250, 986
8300, 988
8300, 986
8300, 987
8300, 985
8300, 986
8300, 986
8300, 986
8300, 986
8300, 986
8300, 985
8300, 984
8300, 984
8300, 984
8300, 985
8300, 985
8300, 985
8300, 985
8300, 987
8300, 987
8350, 986
8350, 985
8350, 986
8350, 986
8350, 985
8350, 984
8350, 987
8350, 987
8350, 986
8350, 986
8350, 986
8350, 986
8350, 985
8350, 985
8350, 986
8350, 986
8350, 985
8350, 986
8350, 987
8400, 986
8400, 984
8400, 984
8400, 986
8400, 986
8400, 985
8400, 985
8400, 984
8400, 984
8400, 985
8400, 985
8400, 984
8400, 983
8400, 983
8400, 984
8400, 986
8400, 986
8400, 987
8400, 985
8450, 984
8450, 985
8450, 986
8450, 987
8450, 986
8450, 986
8450, 987
8450, 985
