Removed Pin From Net: NetName=PL1 Pin=X1-1
Removed Pin From Net: NetName=PL1 Pin=X1-1
Removed Pin From Net: NetName=PH1 Pin=X1-2
Removed Pin From Net: NetName=PH1 Pin=X1-2
Removed Pin From Net: NetName=PL2 Pin=X1-3
Removed Pin From Net: NetName=PL2 Pin=X1-3
Removed Pin From Net: NetName=PH2 Pin=X1-4
Removed Pin From Net: NetName=PH2 Pin=X1-4
Removed Pin From Net: NetName=NetC14_2 Pin=X2-1
Removed Pin From Net: NetName=NetC14_2 Pin=X2-1
Removed Pin From Net: NetName=BGND Pin=X2-2
Removed Pin From Net: NetName=BGND Pin=X2-2
Removed Pin From Net: NetName=GND Pin=X2-3
Removed Pin From Net: NetName=GND Pin=X2-3
Removed Pin From Net: NetName=BGND Pin=X2-4
Removed Pin From Net: NetName=BGND Pin=X2-4
Added Pin To Net: NetName=NetC14_2 Pin=X1-1
Added Pin To Net: NetName=NetC14_2 Pin=X1-1
Added Pin To Net: NetName=BGND Pin=X1-2
Added Pin To Net: NetName=BGND Pin=X1-2
Added Pin To Net: NetName=GND Pin=X1-3
Added Pin To Net: NetName=GND Pin=X1-3
Added Pin To Net: NetName=BGND Pin=X1-4
Added Pin To Net: NetName=BGND Pin=X1-4
Added Pin To Net: NetName=PL1 Pin=X2-1
Added Pin To Net: NetName=PL1 Pin=X2-1
Added Pin To Net: NetName=PH1 Pin=X2-2
Added Pin To Net: NetName=PH1 Pin=X2-2
Added Pin To Net: NetName=PL2 Pin=X2-3
Added Pin To Net: NetName=PL2 Pin=X2-3
Added Pin To Net: NetName=PH2 Pin=X2-4
Added Pin To Net: NetName=PH2 Pin=X2-4
Added Room: Name=CATS-FAT-Overview
