Change Component Designator: Old Designator=C21 New Designator=C1
Change Component Designator: Old Designator=C22 New Designator=C2
Change Component Designator: Old Designator=C23 New Designator=C3
Change Component Designator: Old Designator=C24 New Designator=C4
Change Component Designator: Old Designator=C25 New Designator=C5
Change Component Designator: Old Designator=C26 New Designator=C6
Change Component Designator: Old Designator=C27 New Designator=C7
Change Component Designator: Old Designator=C28 New Designator=C8
Change Component Designator: Old Designator=C29 New Designator=C9
Change Component Designator: Old Designator=C30 New Designator=C10
Change Component Designator: Old Designator=C31 New Designator=C11
Change Component Designator: Old Designator=C32 New Designator=C12
Change Component Designator: Old Designator=C33 New Designator=C13
Change Component Designator: Old Designator=Q3 New Designator=Q1
Change Component Designator: Old Designator=Q4 New Designator=Q2
Change Component Designator: Old Designator=Q5 New Designator=Q3
Change Component Designator: Old Designator=R3 New Designator=R1
Change Component Designator: Old Designator=R4 New Designator=R2
Change Component Designator: Old Designator=R5 New Designator=R3
Change Component Designator: Old Designator=R6 New Designator=R4
Change Component Designator: Old Designator=R7 New Designator=R5
Change Component Designator: Old Designator=R8 New Designator=R6
Change Component Designator: Old Designator=U8 New Designator=U1
Change Component Designator: Old Designator=X1 New Designator=X7
