Change Component Designator: Old Designator=C34 New Designator=C20
Change Component Designator: Old Designator=C35 New Designator=C21
Change Component Designator: Old Designator=C36 New Designator=C22
Change Component Designator: Old Designator=C37 New Designator=C23
Change Component Designator: Old Designator=C38 New Designator=C24
Change Component Designator: Old Designator=C39 New Designator=C25
Change Component Designator: Old Designator=C40 New Designator=C26
Change Component Designator: Old Designator=C41 New Designator=C27
Change Component Designator: Old Designator=C42 New Designator=C28
Change Component Designator: Old Designator=C43 New Designator=C29
Change Component Designator: Old Designator=C44 New Designator=C30
Change Component Designator: Old Designator=D2 New Designator=D3
Change Component Designator: Old Designator=L2 New Designator=L3
Change Component Designator: Old Designator=R9 New Designator=R7
Change Component Designator: Old Designator=R10 New Designator=R8
Change Component Designator: Old Designator=R11 New Designator=R9
Change Component Designator: Old Designator=R12 New Designator=R10
Change Component Designator: Old Designator=R13 New Designator=R11
Change Component Designator: Old Designator=R14 New Designator=R12
Change Component Designator: Old Designator=R15 New Designator=R13
Change Component Designator: Old Designator=U9 New Designator=U4
Change Component Designator: Old Designator=U10 New Designator=U5
Change Component Designator: Old Designator=U11 New Designator=U6
